[debug] [2021-02-21T04:26:05.901Z] ----------------------------------------------------------------------
[debug] [2021-02-21T04:26:05.903Z] Command:       /usr/local/bin/node /usr/local/bin/firebase serve --only functions
[debug] [2021-02-21T04:26:05.903Z] CLI Version:   9.2.1
[debug] [2021-02-21T04:26:05.903Z] Platform:      darwin
[debug] [2021-02-21T04:26:05.904Z] Node Version:  v12.18.3
[debug] [2021-02-21T04:26:05.905Z] Time:          Sat Feb 20 2021 20:26:05 GMT-0800 (Pacific Standard Time)
[debug] [2021-02-21T04:26:05.905Z] ----------------------------------------------------------------------
[debug] [2021-02-21T04:26:05.906Z] 
[debug] [2021-02-21T04:26:05.915Z] > command requires scopes: ["email","openid","https://www.googleapis.com/auth/cloudplatformprojects.readonly","https://www.googleapis.com/auth/firebase","https://www.googleapis.com/auth/cloud-platform"]
[debug] [2021-02-21T04:26:05.916Z] > authorizing via signed-in user
[debug] [2021-02-21T04:26:05.916Z] [iam] checking project sachacks2021 for permissions ["firebase.projects.get"]
[debug] [2021-02-21T04:26:05.918Z] > refreshing access token with scopes: ["email","https://www.googleapis.com/auth/cloud-platform","https://www.googleapis.com/auth/cloudplatformprojects.readonly","https://www.googleapis.com/auth/firebase","openid"]
[debug] [2021-02-21T04:26:05.919Z] >>> HTTP REQUEST POST https://www.googleapis.com/oauth2/v3/token  
 <request body omitted>
[debug] [2021-02-21T04:26:06.273Z] <<< HTTP RESPONSE 200 {"pragma":"no-cache","date":"Sun, 21 Feb 2021 04:26:06 GMT","cache-control":"no-cache, no-store, max-age=0, must-revalidate","expires":"Mon, 01 Jan 1990 00:00:00 GMT","content-type":"application/json; charset=utf-8","vary":"X-Origin, Referer, Origin,Accept-Encoding","server":"scaffolding on HTTPServer2","x-xss-protection":"0","x-frame-options":"SAMEORIGIN","x-content-type-options":"nosniff","alt-svc":"h3-29=\":443\"; ma=2592000,h3-T051=\":443\"; ma=2592000,h3-Q050=\":443\"; ma=2592000,h3-Q046=\":443\"; ma=2592000,h3-Q043=\":443\"; ma=2592000,quic=\":443\"; ma=2592000; v=\"46,43\"","accept-ranges":"none","transfer-encoding":"chunked"}
[debug] [2021-02-21T04:26:06.503Z] >>> HTTP REQUEST POST https://cloudresourcemanager.googleapis.com/v1/projects/sachacks2021:testIamPermissions  
 {"permissions":["firebase.projects.get"]}
[debug] [2021-02-21T04:26:06.703Z] <<< HTTP RESPONSE 200 {"content-type":"application/json; charset=UTF-8","vary":"X-Origin, Referer, Origin,Accept-Encoding","date":"Sun, 21 Feb 2021 04:26:06 GMT","server":"ESF","cache-control":"private","x-xss-protection":"0","x-frame-options":"SAMEORIGIN","x-content-type-options":"nosniff","server-timing":"gfet4t7; dur=54","alt-svc":"h3-29=\":443\"; ma=2592000,h3-T051=\":443\"; ma=2592000,h3-Q050=\":443\"; ma=2592000,h3-Q046=\":443\"; ma=2592000,h3-Q043=\":443\"; ma=2592000,quic=\":443\"; ma=2592000; v=\"46,43\"","accept-ranges":"none","transfer-encoding":"chunked"}
[debug] [2021-02-21T04:26:06.705Z] > refreshing access token with scopes: []
[debug] [2021-02-21T04:26:06.705Z] >>> HTTP REQUEST POST https://www.googleapis.com/oauth2/v3/token  
 <request body omitted>
[debug] [2021-02-21T04:26:06.920Z] <<< HTTP RESPONSE 200 {"cache-control":"no-cache, no-store, max-age=0, must-revalidate","expires":"Mon, 01 Jan 1990 00:00:00 GMT","pragma":"no-cache","date":"Sun, 21 Feb 2021 04:26:06 GMT","content-type":"application/json; charset=utf-8","vary":"X-Origin, Referer, Origin,Accept-Encoding","server":"scaffolding on HTTPServer2","x-xss-protection":"0","x-frame-options":"SAMEORIGIN","x-content-type-options":"nosniff","alt-svc":"h3-29=\":443\"; ma=2592000,h3-T051=\":443\"; ma=2592000,h3-Q050=\":443\"; ma=2592000,h3-Q046=\":443\"; ma=2592000,h3-Q043=\":443\"; ma=2592000,quic=\":443\"; ma=2592000; v=\"46,43\"","accept-ranges":"none","transfer-encoding":"chunked"}
[debug] [2021-02-21T04:26:06.951Z] >>> [apiv2][query] GET https://firebase.googleapis.com/v1beta1/projects/sachacks2021 [none]
[debug] [2021-02-21T04:26:07.229Z] <<< [apiv2][status] GET https://firebase.googleapis.com/v1beta1/projects/sachacks2021 200
[debug] [2021-02-21T04:26:07.229Z] <<< [apiv2][body] GET https://firebase.googleapis.com/v1beta1/projects/sachacks2021 {"projectId":"sachacks2021","projectNumber":"56077324629","displayName":"Sachacks2021","name":"projects/sachacks2021","resources":{"hostingSite":"sachacks2021","storageBucket":"sachacks2021.appspot.com","locationId":"us-central"},"state":"ACTIVE"}
[warn] ⚠  Your functions directory does not specify a Node version.
   - Learn more at https://firebase.google.com/docs/functions/manage-functions#set_runtime_options {"metadata":{"emulator":{"name":"functions"},"message":"Your functions directory does not specify a Node version.\n   - Learn more at https://firebase.google.com/docs/functions/manage-functions#set_runtime_options"}}
[debug] [2021-02-21T04:26:07.242Z] defaultcredentials: writing to file /Users/harshitambalkar/.config/firebase/hambalkar_gmail_com_application_default_credentials.json
[debug] [2021-02-21T04:26:07.243Z] Setting GAC to /Users/harshitambalkar/.config/firebase/hambalkar_gmail_com_application_default_credentials.json {"metadata":{"emulator":{"name":"functions"},"message":"Setting GAC to /Users/harshitambalkar/.config/firebase/hambalkar_gmail_com_application_default_credentials.json"}}
[debug] [2021-02-21T04:26:07.246Z] >>> [apiv2][query] GET https://firebase.googleapis.com/v1beta1/projects/sachacks2021/adminSdkConfig [none]
[debug] [2021-02-21T04:26:07.570Z] <<< [apiv2][status] GET https://firebase.googleapis.com/v1beta1/projects/sachacks2021/adminSdkConfig 200
[debug] [2021-02-21T04:26:07.570Z] <<< [apiv2][body] GET https://firebase.googleapis.com/v1beta1/projects/sachacks2021/adminSdkConfig {"projectId":"sachacks2021","storageBucket":"sachacks2021.appspot.com","locationId":"us-central"}
[info] i  functions: Watching "/Users/harshitambalkar/Documents/sackhacks21/functions" for Cloud Functions... {"metadata":{"emulator":{"name":"functions"},"message":"Watching \"/Users/harshitambalkar/Documents/sackhacks21/functions\" for Cloud Functions..."}}
[debug] [2021-02-21T04:26:07.651Z] [worker-pool] addWorker(~diagnostic~) {"metadata":{"emulator":{"name":"functions"},"message":"[worker-pool] addWorker(~diagnostic~)"}}
[debug] [2021-02-21T04:26:07.652Z] [worker-pool] Adding worker with key ~diagnostic~, total=1 {"metadata":{"emulator":{"name":"functions"},"message":"[worker-pool] Adding worker with key ~diagnostic~, total=1"}}
[debug] [2021-02-21T04:26:07.653Z] [worker-pool] submitWork(triggerId=) {"metadata":{"emulator":{"name":"functions"},"message":"[worker-pool] submitWork(triggerId=)"}}
[debug] [2021-02-21T04:26:07.654Z] [worker-~diagnostic~-4257ee1f-2731-4cec-8f27-d6c0e92d3036]: Assigning socketPath: /var/folders/fz/9wlk57_d0m3d8yq0rbcf250w0000gn/T/fire_emu_12010.sock {"metadata":{"emulator":{"name":"functions"},"message":"[worker-~diagnostic~-4257ee1f-2731-4cec-8f27-d6c0e92d3036]: Assigning socketPath: /var/folders/fz/9wlk57_d0m3d8yq0rbcf250w0000gn/T/fire_emu_12010.sock"}}
[debug] [2021-02-21T04:26:07.655Z] [worker-~diagnostic~-4257ee1f-2731-4cec-8f27-d6c0e92d3036]: BUSY {"metadata":{"emulator":{"name":"functions"},"message":"[worker-~diagnostic~-4257ee1f-2731-4cec-8f27-d6c0e92d3036]: BUSY"}}
[debug] [2021-02-21T04:26:07.861Z] [runtime-status] [12010] Functions runtime initialized. {"cwd":"/Users/harshitambalkar/Documents/sackhacks21/functions","node_version":"12.18.3"} {"metadata":{"emulator":{"name":"functions"},"message":"[runtime-status] [12010] Functions runtime initialized. {\"cwd\":\"/Users/harshitambalkar/Documents/sackhacks21/functions\",\"node_version\":\"12.18.3\"}"}}
[debug] [2021-02-21T04:26:07.861Z] [runtime-status] [12010] Disabled runtime features: undefined {"metadata":{"emulator":{"name":"functions"},"message":"[runtime-status] [12010] Disabled runtime features: undefined"}}
[debug] [2021-02-21T04:26:07.864Z] [runtime-status] [12010] Resolved module firebase-admin {"declared":true,"installed":true,"version":"9.5.0","resolution":"/Users/harshitambalkar/Documents/sackhacks21/functions/node_modules/firebase-admin/lib/index.js"} {"metadata":{"emulator":{"name":"functions"},"message":"[runtime-status] [12010] Resolved module firebase-admin {\"declared\":true,\"installed\":true,\"version\":\"9.5.0\",\"resolution\":\"/Users/harshitambalkar/Documents/sackhacks21/functions/node_modules/firebase-admin/lib/index.js\"}"}}
[debug] [2021-02-21T04:26:07.868Z] [runtime-status] [12010] Resolved module firebase-functions {"declared":true,"installed":true,"version":"3.13.1","resolution":"/Users/harshitambalkar/Documents/sackhacks21/functions/node_modules/firebase-functions/lib/index.js"} {"metadata":{"emulator":{"name":"functions"},"message":"[runtime-status] [12010] Resolved module firebase-functions {\"declared\":true,\"installed\":true,\"version\":\"3.13.1\",\"resolution\":\"/Users/harshitambalkar/Documents/sackhacks21/functions/node_modules/firebase-functions/lib/index.js\"}"}}
[debug] [2021-02-21T04:26:07.869Z] [runtime-status] [12010] Resolved module firebase-functions {"declared":true,"installed":true,"version":"3.13.1","resolution":"/Users/harshitambalkar/Documents/sackhacks21/functions/node_modules/firebase-functions/lib/index.js"} {"metadata":{"emulator":{"name":"functions"},"message":"[runtime-status] [12010] Resolved module firebase-functions {\"declared\":true,\"installed\":true,\"version\":\"3.13.1\",\"resolution\":\"/Users/harshitambalkar/Documents/sackhacks21/functions/node_modules/firebase-functions/lib/index.js\"}"}}
[debug] [2021-02-21T04:26:07.871Z] [runtime-status] [12010] Outgoing network have been stubbed. [{"name":"http","status":"mocked"},{"name":"http","status":"mocked"},{"name":"https","status":"mocked"},{"name":"https","status":"mocked"},{"name":"net","status":"mocked"}] {"metadata":{"emulator":{"name":"functions"},"message":"[runtime-status] [12010] Outgoing network have been stubbed. [{\"name\":\"http\",\"status\":\"mocked\"},{\"name\":\"http\",\"status\":\"mocked\"},{\"name\":\"https\",\"status\":\"mocked\"},{\"name\":\"https\",\"status\":\"mocked\"},{\"name\":\"net\",\"status\":\"mocked\"}]"}}
[debug] [2021-02-21T04:26:07.872Z] [runtime-status] [12010] Resolved module firebase-functions {"declared":true,"installed":true,"version":"3.13.1","resolution":"/Users/harshitambalkar/Documents/sackhacks21/functions/node_modules/firebase-functions/lib/index.js"} {"metadata":{"emulator":{"name":"functions"},"message":"[runtime-status] [12010] Resolved module firebase-functions {\"declared\":true,\"installed\":true,\"version\":\"3.13.1\",\"resolution\":\"/Users/harshitambalkar/Documents/sackhacks21/functions/node_modules/firebase-functions/lib/index.js\"}"}}
[debug] [2021-02-21T04:26:07.942Z] [runtime-status] [12010] Checked functions.config() {"config":{}} {"metadata":{"emulator":{"name":"functions"},"message":"[runtime-status] [12010] Checked functions.config() {\"config\":{}}"}}
[debug] [2021-02-21T04:26:07.943Z] [runtime-status] [12010] firebase-functions has been stubbed. {"functionsResolution":{"declared":true,"installed":true,"version":"3.13.1","resolution":"/Users/harshitambalkar/Documents/sackhacks21/functions/node_modules/firebase-functions/lib/index.js"}} {"metadata":{"emulator":{"name":"functions"},"message":"[runtime-status] [12010] firebase-functions has been stubbed. {\"functionsResolution\":{\"declared\":true,\"installed\":true,\"version\":\"3.13.1\",\"resolution\":\"/Users/harshitambalkar/Documents/sackhacks21/functions/node_modules/firebase-functions/lib/index.js\"}}"}}
[debug] [2021-02-21T04:26:07.943Z] [runtime-status] [12010] Resolved module firebase-functions {"declared":true,"installed":true,"version":"3.13.1","resolution":"/Users/harshitambalkar/Documents/sackhacks21/functions/node_modules/firebase-functions/lib/index.js"} {"metadata":{"emulator":{"name":"functions"},"message":"[runtime-status] [12010] Resolved module firebase-functions {\"declared\":true,\"installed\":true,\"version\":\"3.13.1\",\"resolution\":\"/Users/harshitambalkar/Documents/sackhacks21/functions/node_modules/firebase-functions/lib/index.js\"}"}}
[debug] [2021-02-21T04:26:07.944Z] [runtime-status] [12010] Resolved module firebase-admin {"declared":true,"installed":true,"version":"9.5.0","resolution":"/Users/harshitambalkar/Documents/sackhacks21/functions/node_modules/firebase-admin/lib/index.js"} {"metadata":{"emulator":{"name":"functions"},"message":"[runtime-status] [12010] Resolved module firebase-admin {\"declared\":true,\"installed\":true,\"version\":\"9.5.0\",\"resolution\":\"/Users/harshitambalkar/Documents/sackhacks21/functions/node_modules/firebase-admin/lib/index.js\"}"}}
[debug] [2021-02-21T04:26:07.945Z] [runtime-status] [12010] Resolved module firebase-functions {"declared":true,"installed":true,"version":"3.13.1","resolution":"/Users/harshitambalkar/Documents/sackhacks21/functions/node_modules/firebase-functions/lib/index.js"} {"metadata":{"emulator":{"name":"functions"},"message":"[runtime-status] [12010] Resolved module firebase-functions {\"declared\":true,\"installed\":true,\"version\":\"3.13.1\",\"resolution\":\"/Users/harshitambalkar/Documents/sackhacks21/functions/node_modules/firebase-functions/lib/index.js\"}"}}
[debug] [2021-02-21T04:26:07.945Z] [runtime-status] [12010] firebase-admin has been stubbed. {"adminResolution":{"declared":true,"installed":true,"version":"9.5.0","resolution":"/Users/harshitambalkar/Documents/sackhacks21/functions/node_modules/firebase-admin/lib/index.js"}} {"metadata":{"emulator":{"name":"functions"},"message":"[runtime-status] [12010] firebase-admin has been stubbed. {\"adminResolution\":{\"declared\":true,\"installed\":true,\"version\":\"9.5.0\",\"resolution\":\"/Users/harshitambalkar/Documents/sackhacks21/functions/node_modules/firebase-admin/lib/index.js\"}}"}}
[info] ✔  functions[app]: http function initialized (http://localhost:5000/sachacks2021/us-central1/app). {"metadata":{"emulator":{"name":"functions"},"message":"\u001b[1mhttp\u001b[22m function initialized (http://localhost:5000/sachacks2021/us-central1/app)."}}
[debug] [2021-02-21T04:26:08.496Z] [worker-~diagnostic~-4257ee1f-2731-4cec-8f27-d6c0e92d3036]: IDLE {"metadata":{"emulator":{"name":"functions"},"message":"[worker-~diagnostic~-4257ee1f-2731-4cec-8f27-d6c0e92d3036]: IDLE"}}
[debug] [2021-02-21T04:26:50.485Z] [work-queue] {"queueLength":1,"workRunningCount":0}
[debug] [2021-02-21T04:26:50.487Z] [work-queue] {"queueLength":0,"workRunningCount":1}
[debug] [2021-02-21T04:26:50.487Z] Accepted request GET /sachacks2021/us-central1/app/timestamp --> app
[debug] [2021-02-21T04:26:50.494Z] [worker-pool] addWorker(app) {"metadata":{"emulator":{"name":"functions"},"message":"[worker-pool] addWorker(app)"}}
[debug] [2021-02-21T04:26:50.495Z] [worker-pool] Adding worker with key app, total=1 {"metadata":{"emulator":{"name":"functions"},"message":"[worker-pool] Adding worker with key app, total=1"}}
[debug] [2021-02-21T04:26:50.495Z] [worker-pool] submitWork(triggerId=app) {"metadata":{"emulator":{"name":"functions"},"message":"[worker-pool] submitWork(triggerId=app)"}}
[debug] [2021-02-21T04:26:50.496Z] [worker-app-10dc7dcd-eea2-41ee-a7b8-21c4c5b0bdc2]: Assigning socketPath: /var/folders/fz/9wlk57_d0m3d8yq0rbcf250w0000gn/T/fire_emu_12026.sock {"metadata":{"emulator":{"name":"functions"},"message":"[worker-app-10dc7dcd-eea2-41ee-a7b8-21c4c5b0bdc2]: Assigning socketPath: /var/folders/fz/9wlk57_d0m3d8yq0rbcf250w0000gn/T/fire_emu_12026.sock"}}
[debug] [2021-02-21T04:26:50.496Z] [worker-app-10dc7dcd-eea2-41ee-a7b8-21c4c5b0bdc2]: BUSY {"metadata":{"emulator":{"name":"functions"},"message":"[worker-app-10dc7dcd-eea2-41ee-a7b8-21c4c5b0bdc2]: BUSY"}}
[debug] [2021-02-21T04:26:50.774Z] [runtime-status] [12026] Functions runtime initialized. {"cwd":"/Users/harshitambalkar/Documents/sackhacks21/functions","node_version":"12.18.3"} {"metadata":{"emulator":{"name":"functions"},"function":{"name":"app"},"message":"[runtime-status] [12026] Functions runtime initialized. {\"cwd\":\"/Users/harshitambalkar/Documents/sackhacks21/functions\",\"node_version\":\"12.18.3\"}"}}
[debug] [2021-02-21T04:26:50.775Z] [runtime-status] [12026] Disabled runtime features: undefined {"metadata":{"emulator":{"name":"functions"},"function":{"name":"app"},"message":"[runtime-status] [12026] Disabled runtime features: undefined"}}
[debug] [2021-02-21T04:26:50.780Z] [runtime-status] [12026] Resolved module firebase-admin {"declared":true,"installed":true,"version":"9.5.0","resolution":"/Users/harshitambalkar/Documents/sackhacks21/functions/node_modules/firebase-admin/lib/index.js"} {"metadata":{"emulator":{"name":"functions"},"function":{"name":"app"},"message":"[runtime-status] [12026] Resolved module firebase-admin {\"declared\":true,\"installed\":true,\"version\":\"9.5.0\",\"resolution\":\"/Users/harshitambalkar/Documents/sackhacks21/functions/node_modules/firebase-admin/lib/index.js\"}"}}
[debug] [2021-02-21T04:26:50.784Z] [runtime-status] [12026] Resolved module firebase-functions {"declared":true,"installed":true,"version":"3.13.1","resolution":"/Users/harshitambalkar/Documents/sackhacks21/functions/node_modules/firebase-functions/lib/index.js"} {"metadata":{"emulator":{"name":"functions"},"function":{"name":"app"},"message":"[runtime-status] [12026] Resolved module firebase-functions {\"declared\":true,\"installed\":true,\"version\":\"3.13.1\",\"resolution\":\"/Users/harshitambalkar/Documents/sackhacks21/functions/node_modules/firebase-functions/lib/index.js\"}"}}
[debug] [2021-02-21T04:26:50.786Z] [runtime-status] [12026] Resolved module firebase-functions {"declared":true,"installed":true,"version":"3.13.1","resolution":"/Users/harshitambalkar/Documents/sackhacks21/functions/node_modules/firebase-functions/lib/index.js"} {"metadata":{"emulator":{"name":"functions"},"function":{"name":"app"},"message":"[runtime-status] [12026] Resolved module firebase-functions {\"declared\":true,\"installed\":true,\"version\":\"3.13.1\",\"resolution\":\"/Users/harshitambalkar/Documents/sackhacks21/functions/node_modules/firebase-functions/lib/index.js\"}"}}
[debug] [2021-02-21T04:26:50.789Z] [runtime-status] [12026] Outgoing network have been stubbed. [{"name":"http","status":"mocked"},{"name":"http","status":"mocked"},{"name":"https","status":"mocked"},{"name":"https","status":"mocked"},{"name":"net","status":"mocked"}] {"metadata":{"emulator":{"name":"functions"},"function":{"name":"app"},"message":"[runtime-status] [12026] Outgoing network have been stubbed. [{\"name\":\"http\",\"status\":\"mocked\"},{\"name\":\"http\",\"status\":\"mocked\"},{\"name\":\"https\",\"status\":\"mocked\"},{\"name\":\"https\",\"status\":\"mocked\"},{\"name\":\"net\",\"status\":\"mocked\"}]"}}
[debug] [2021-02-21T04:26:50.789Z] [runtime-status] [12026] Resolved module firebase-functions {"declared":true,"installed":true,"version":"3.13.1","resolution":"/Users/harshitambalkar/Documents/sackhacks21/functions/node_modules/firebase-functions/lib/index.js"} {"metadata":{"emulator":{"name":"functions"},"function":{"name":"app"},"message":"[runtime-status] [12026] Resolved module firebase-functions {\"declared\":true,\"installed\":true,\"version\":\"3.13.1\",\"resolution\":\"/Users/harshitambalkar/Documents/sackhacks21/functions/node_modules/firebase-functions/lib/index.js\"}"}}
[debug] [2021-02-21T04:26:50.864Z] [runtime-status] [12026] Checked functions.config() {"config":{}} {"metadata":{"emulator":{"name":"functions"},"function":{"name":"app"},"message":"[runtime-status] [12026] Checked functions.config() {\"config\":{}}"}}
[debug] [2021-02-21T04:26:50.865Z] [runtime-status] [12026] firebase-functions has been stubbed. {"functionsResolution":{"declared":true,"installed":true,"version":"3.13.1","resolution":"/Users/harshitambalkar/Documents/sackhacks21/functions/node_modules/firebase-functions/lib/index.js"}} {"metadata":{"emulator":{"name":"functions"},"function":{"name":"app"},"message":"[runtime-status] [12026] firebase-functions has been stubbed. {\"functionsResolution\":{\"declared\":true,\"installed\":true,\"version\":\"3.13.1\",\"resolution\":\"/Users/harshitambalkar/Documents/sackhacks21/functions/node_modules/firebase-functions/lib/index.js\"}}"}}
[debug] [2021-02-21T04:26:50.865Z] [runtime-status] [12026] Resolved module firebase-functions {"declared":true,"installed":true,"version":"3.13.1","resolution":"/Users/harshitambalkar/Documents/sackhacks21/functions/node_modules/firebase-functions/lib/index.js"} {"metadata":{"emulator":{"name":"functions"},"function":{"name":"app"},"message":"[runtime-status] [12026] Resolved module firebase-functions {\"declared\":true,\"installed\":true,\"version\":\"3.13.1\",\"resolution\":\"/Users/harshitambalkar/Documents/sackhacks21/functions/node_modules/firebase-functions/lib/index.js\"}"}}
[debug] [2021-02-21T04:26:50.866Z] [runtime-status] [12026] Resolved module firebase-admin {"declared":true,"installed":true,"version":"9.5.0","resolution":"/Users/harshitambalkar/Documents/sackhacks21/functions/node_modules/firebase-admin/lib/index.js"} {"metadata":{"emulator":{"name":"functions"},"function":{"name":"app"},"message":"[runtime-status] [12026] Resolved module firebase-admin {\"declared\":true,\"installed\":true,\"version\":\"9.5.0\",\"resolution\":\"/Users/harshitambalkar/Documents/sackhacks21/functions/node_modules/firebase-admin/lib/index.js\"}"}}
[debug] [2021-02-21T04:26:50.867Z] [runtime-status] [12026] Resolved module firebase-functions {"declared":true,"installed":true,"version":"3.13.1","resolution":"/Users/harshitambalkar/Documents/sackhacks21/functions/node_modules/firebase-functions/lib/index.js"} {"metadata":{"emulator":{"name":"functions"},"function":{"name":"app"},"message":"[runtime-status] [12026] Resolved module firebase-functions {\"declared\":true,\"installed\":true,\"version\":\"3.13.1\",\"resolution\":\"/Users/harshitambalkar/Documents/sackhacks21/functions/node_modules/firebase-functions/lib/index.js\"}"}}
[debug] [2021-02-21T04:26:50.867Z] [runtime-status] [12026] firebase-admin has been stubbed. {"adminResolution":{"declared":true,"installed":true,"version":"9.5.0","resolution":"/Users/harshitambalkar/Documents/sackhacks21/functions/node_modules/firebase-admin/lib/index.js"}} {"metadata":{"emulator":{"name":"functions"},"function":{"name":"app"},"message":"[runtime-status] [12026] firebase-admin has been stubbed. {\"adminResolution\":{\"declared\":true,\"installed\":true,\"version\":\"9.5.0\",\"resolution\":\"/Users/harshitambalkar/Documents/sackhacks21/functions/node_modules/firebase-admin/lib/index.js\"}}"}}
[debug] [2021-02-21T04:26:51.069Z] [runtime-status] [12026] Trigger "app" has been found, beginning invocation! {"metadata":{"emulator":{"name":"functions"},"function":{"name":"app"},"message":"[runtime-status] [12026] Trigger \"app\" has been found, beginning invocation!"}}
[info] i  functions: Beginning execution of "app" {"metadata":{"emulator":{"name":"functions"},"function":{"name":"app"},"message":"Beginning execution of \"app\""}}
[debug] [2021-02-21T04:26:51.071Z] [runtime-status] [12026] triggerDefinition {"httpsTrigger":{},"name":"app","entryPoint":"app"} {"metadata":{"emulator":{"name":"functions"},"function":{"name":"app"},"message":"[runtime-status] [12026] triggerDefinition {\"httpsTrigger\":{},\"name\":\"app\",\"entryPoint\":\"app\"}"}}
[debug] [2021-02-21T04:26:51.071Z] [runtime-status] [12026] Running app in mode HTTPS {"metadata":{"emulator":{"name":"functions"},"function":{"name":"app"},"message":"[runtime-status] [12026] Running app in mode HTTPS"}}
[debug] [2021-02-21T04:26:51.076Z] [runtime-status] [12026] Attempting to listen to socketPath: /var/folders/fz/9wlk57_d0m3d8yq0rbcf250w0000gn/T/fire_emu_12026.sock {"metadata":{"emulator":{"name":"functions"},"function":{"name":"app"},"message":"[runtime-status] [12026] Attempting to listen to socketPath: /var/folders/fz/9wlk57_d0m3d8yq0rbcf250w0000gn/T/fire_emu_12026.sock"}}
[debug] [2021-02-21T04:26:51.087Z] [functions] Runtime ready! Sending request! {"metadata":{"emulator":{"name":"functions"},"message":"[functions] Runtime ready! Sending request!"}}
[debug] [2021-02-21T04:26:51.088Z] [functions] Got req.url=/sachacks2021/us-central1/app/timestamp, mapping to path=/timestamp {"metadata":{"emulator":{"name":"functions"},"message":"[functions] Got req.url=/sachacks2021/us-central1/app/timestamp, mapping to path=/timestamp"}}
[debug] [2021-02-21T04:26:51.102Z] [runtime-status] [12026] Ephemeral server handling GET request {"metadata":{"emulator":{"name":"functions"},"function":{"name":"app"},"message":"[runtime-status] [12026] Ephemeral server handling GET request"}}
[debug] [2021-02-21T04:26:51.109Z] [runtime-status] [12026] Ephemeral server survived. {"metadata":{"emulator":{"name":"functions"},"function":{"name":"app"},"message":"[runtime-status] [12026] Ephemeral server survived."}}
[info] i  functions: Finished "app" in ~1s {"metadata":{"emulator":{"name":"functions"},"function":{"name":"app"},"message":"Finished \"app\" in ~1s"}}
[debug] [2021-02-21T04:26:51.111Z] [worker-app-10dc7dcd-eea2-41ee-a7b8-21c4c5b0bdc2]: IDLE {"metadata":{"emulator":{"name":"functions"},"message":"[worker-app-10dc7dcd-eea2-41ee-a7b8-21c4c5b0bdc2]: IDLE"}}
[debug] [2021-02-21T04:26:51.111Z] [work-queue] {"queueLength":0,"workRunningCount":0}
